This is LuaHBTeX, Version 1.12.0 (MiKTeX 20.7) (format=lualatex 2020.11.12)  13 NOV 2020 23:09
 restricted system commands enabled.
**ST537-Project-4.Rmd.tex
(./ST537-Project-4.Rmd.tex
LaTeX2e <2020-02-02> patch level 5
Lua module: luaotfload-main 2020-05-06 3.14 luaotfload entry point
Lua module: luaotfload-init 2020-05-06 3.14 luaotfload submodule / initializatio
n
Lua module: lualibs 2020-05-01 2.71 ConTeXt Lua standard libraries.
Lua module: lualibs-extended 2020-05-01 2.71 ConTeXt Lua libraries -- extended c
ollection.
Lua module: luaotfload-log 2020-05-06 3.14 luaotfload submodule / logging
Lua module: luaotfload-parsers 2020-05-06 3.14 luaotfload submodule / filelist
Lua module: luaotfload-configuration 2020-05-06 3.14 luaotfload submodule / conf
ig file reader
luaotfload | conf : Root cache directory is "C:/Users/shihn/AppData/Local/MiKTeX
/luatex-cache/generic-dev/names".
luaotfload | init : Loading fontloader "fontloader-2020-05-06.lua" from kpse-res
olved path "C:/Program Files/MiKTeX/tex/luatex/luaotfload/fontloader-2020-05-06.
lua".
Lua-only attribute luaotfload@noligature = 1
Lua-only attribute luaotfload@syllabe = 2
luaotfload | init : Context OpenType loader version 0x1.8e353f7ced917p+1
Lua module: luaotfload-fallback 2020-05-06 3.14 luaotfload submodule / fallback
Lua module: luaotfload-multiscript 2020-05-06 3.14 luaotfload submodule / multis
cript
Lua module: luaotfload-script 2020-05-06 3.14 luaotfload submodule / Script help
ers
Inserting `luaotfload.node_processor' at position 1 in `pre_linebreak_filter'.
Inserting `luaotfload.node_processor' at position 1 in `hpack_filter'.
Lua module: luaotfload-loaders 2020-05-06 3.14 luaotfload submodule / callback h
andling
Inserting `luaotfload.define_font' at position 1 in `define_font'.
Lua module: luaotfload-database 2020-05-06 3.14 luaotfload submodule / database
Lua module: luaotfload-unicode 2020-05-06 3.14 luaotfload submodule / Unicode he
lpers
Lua module: luaotfload-colors 2020-05-06 3.14 luaotfload submodule / color
Lua-only attribute luaotfload_color_attribute = 3
Lua module: luaotfload-resolvers 2020-05-06 3.14 luaotfload submodule / resolver
s
luaotfload | conf : Root cache directory is "C:/Users/shihn/AppData/Local/MiKTeX
/luatex-cache/generic-dev/names".
Lua module: luaotfload-features 2020-05-06 3.14 luaotfload submodule / features
Lua module: luaotfload-harf-define 2020-05-06 3.14 luaotfload submodule / databa
se
Inserting `luaotfload.harf.strip_prefix' at position 1 in `find_opentype_file'.
Inserting `luaotfload.harf.strip_prefix' at position 1 in `find_truetype_file'.
Lua module: luaotfload-harf-plug 2020-05-06 3.14 luaotfload submodule / database
Inserting `Harf pre_output_filter callback' at position 1 in `pre_output_filter'
.
Inserting `Harf wrapup_run callback' at position 1 in `wrapup_run'.
Inserting `Harf finish_pdffile callback' at position 1 in `finish_pdffile'.
Inserting `Harf glyph_info callback' at position 1 in `glyph_info'.
Lua module: luaotfload-letterspace 2020-05-06 3.14 luaotfload submodule / color
Lua module: luaotfload-embolden 2020-05-06 3.14 luaotfload submodule / color
Lua module: luaotfload-notdef 2020-05-06 3.14 luaotfload submodule / color
Lua module: luaotfload-suppress 2020-05-06 3.14 luaotfload submodule / suppress
Lua module: luaotfload-szss 2020-05-06 3.14 luaotfload submodule / color
Lua module: luaotfload-auxiliary 2020-05-06 3.14 luaotfload submodule / auxiliar
y functions
Inserting `luaotfload.aux.set_sscale_dimens' at position 1 in `luaotfload.patch_
font'.
Inserting `luaotfload.aux.set_font_index' at position 2 in `luaotfload.patch_fon
t'.
Inserting `luaotfload.aux.patch_cambria_domh' at position 3 in `luaotfload.patch
_font'.
Inserting `luaotfload.aux.fixup_fontdata' at position 1 in `luaotfload.patch_fon
t_unsafe'.
Inserting `luaotfload.aux.set_capheight' at position 4 in `luaotfload.patch_font
'.
Inserting `luaotfload.aux.set_xheight' at position 5 in `luaotfload.patch_font'.
Lua module: luaotfload-tounicode 2020-05-06 3.14 luaotfload submodule / tounicod
e
Inserting `luaotfload.rewrite_fontname' at position 6 in `luaotfload.patch_font'
. L3 programming layer <2020-08-07> ("C:/Program Files/MiKTeX/tex/latex/base/ar
ticle.cls"
Document Class: article 2019/12/20 v1.4l Standard LaTeX document class
("C:/Program Files/MiKTeX/tex/latex/base/size12.clo"
File: size12.clo 2019/12/20 v1.4l Standard LaTeX file (size option)
luaotfload | db : Font names database loaded from C:/Users/shihn/AppData/Local/M
iKTeX/luatex-cache/generic-dev/names/luaotfload-names.luc)
\c@part=\count164
\c@section=\count165
\c@subsection=\count166
\c@subsubsection=\count167
\c@paragraph=\count168
\c@subparagraph=\count169
\c@figure=\count170
\c@table=\count171
\abovecaptionskip=\skip47
\belowcaptionskip=\skip48
\bibindent=\dimen134
) ("C:/Program Files/MiKTeX/tex/latex/lm/lmodern.sty"
Package: lmodern 2009/10/30 v1.6 Latin Modern Fonts
LaTeX Font Info:    Overwriting symbol font `operators' in version `normal'
(Font)                  OT1/cmr/m/n --> OT1/lmr/m/n on input line 22.
LaTeX Font Info:    Overwriting symbol font `letters' in version `normal'
(Font)                  OML/cmm/m/it --> OML/lmm/m/it on input line 23.
LaTeX Font Info:    Overwriting symbol font `symbols' in version `normal'
(Font)                  OMS/cmsy/m/n --> OMS/lmsy/m/n on input line 24.
LaTeX Font Info:    Overwriting symbol font `largesymbols' in version `normal'
(Font)                  OMX/cmex/m/n --> OMX/lmex/m/n on input line 25.
LaTeX Font Info:    Overwriting symbol font `operators' in version `bold'
(Font)                  OT1/cmr/bx/n --> OT1/lmr/bx/n on input line 26.
LaTeX Font Info:    Overwriting symbol font `letters' in version `bold'
(Font)                  OML/cmm/b/it --> OML/lmm/b/it on input line 27.
LaTeX Font Info:    Overwriting symbol font `symbols' in version `bold'
(Font)                  OMS/cmsy/b/n --> OMS/lmsy/b/n on input line 28.
LaTeX Font Info:    Overwriting symbol font `largesymbols' in version `bold'
(Font)                  OMX/cmex/m/n --> OMX/lmex/m/n on input line 29.
LaTeX Font Info:    Overwriting math alphabet `\mathbf' in version `normal'
(Font)                  OT1/cmr/bx/n --> OT1/lmr/bx/n on input line 31.
LaTeX Font Info:    Overwriting math alphabet `\mathsf' in version `normal'
(Font)                  OT1/cmss/m/n --> OT1/lmss/m/n on input line 32.
LaTeX Font Info:    Overwriting math alphabet `\mathit' in version `normal'
(Font)                  OT1/cmr/m/it --> OT1/lmr/m/it on input line 33.
LaTeX Font Info:    Overwriting math alphabet `\mathtt' in version `normal'
(Font)                  OT1/cmtt/m/n --> OT1/lmtt/m/n on input line 34.
LaTeX Font Info:    Overwriting math alphabet `\mathbf' in version `bold'
(Font)                  OT1/cmr/bx/n --> OT1/lmr/bx/n on input line 35.
LaTeX Font Info:    Overwriting math alphabet `\mathsf' in version `bold'
(Font)                  OT1/cmss/bx/n --> OT1/lmss/bx/n on input line 36.
LaTeX Font Info:    Overwriting math alphabet `\mathit' in version `bold'
(Font)                  OT1/cmr/bx/it --> OT1/lmr/bx/it on input line 37.
LaTeX Font Info:    Overwriting math alphabet `\mathtt' in version `bold'
(Font)                  OT1/cmtt/m/n --> OT1/lmtt/m/n on input line 38.
) ("C:/Program Files/MiKTeX/tex/latex/amsfonts/amssymb.sty"
Package: amssymb 2013/01/14 v3.01 AMS font symbols
("C:/Program Files/MiKTeX/tex/latex/amsfonts/amsfonts.sty"
Package: amsfonts 2013/01/14 v3.01 Basic AMSFonts support
\@emptytoks=\toks15
\symAMSa=\mathgroup4
\symAMSb=\mathgroup5
LaTeX Font Info:    Redeclaring math symbol \hbar on input line 98.
LaTeX Font Info:    Overwriting math alphabet `\mathfrak' in version `bold'
(Font)                  U/euf/m/n --> U/euf/b/n on input line 106.
)) ("C:/Program Files/MiKTeX/tex/latex/amsmath/amsmath.sty"
Package: amsmath 2020/01/20 v2.17e AMS math features
\@mathmargin=\skip49
For additional information on amsmath, use the `?' option.
("C:/Program Files/MiKTeX/tex/latex/amsmath/amstext.sty"
Package: amstext 2000/06/29 v2.01 AMS text
("C:/Program Files/MiKTeX/tex/latex/amsmath/amsgen.sty"
File: amsgen.sty 1999/11/30 v2.0 generic functions
\@emptytoks=\toks16
\ex@=\dimen135
)) ("C:/Program Files/MiKTeX/tex/latex/amsmath/amsbsy.sty"
Package: amsbsy 1999/11/29 v1.2d Bold Symbols
\pmbraise@=\dimen136
) ("C:/Program Files/MiKTeX/tex/latex/amsmath/amsopn.sty"
Package: amsopn 2016/03/08 v2.02 operator names
)
\inf@bad=\count172
LaTeX Info: Redefining \frac on input line 227.
\uproot@=\count173
\leftroot@=\count174
LaTeX Info: Redefining \overline on input line 389.
\classnum@=\count175
\DOTSCASE@=\count176
LaTeX Info: Redefining \ldots on input line 486.
LaTeX Info: Redefining \dots on input line 489.
LaTeX Info: Redefining \cdots on input line 610.
\Mathstrutbox@=\box45
\strutbox@=\box46
\big@size=\dimen137
LaTeX Font Info:    Redeclaring font encoding OML on input line 733.
LaTeX Font Info:    Redeclaring font encoding OMS on input line 734.
\macc@depth=\count177
\c@MaxMatrixCols=\count178
\dotsspace@=\muskip16
\c@parentequation=\count179
\dspbrk@lvl=\count180
\tag@help=\toks17
\row@=\count181
\column@=\count182
\maxfields@=\count183
\andhelp@=\toks18
\eqnshift@=\dimen138
\alignsep@=\dimen139
\tagshift@=\dimen140
\tagwidth@=\dimen141
\totwidth@=\dimen142
\lineht@=\dimen143
\@envbody=\toks19
\multlinegap=\skip50
\multlinetaggap=\skip51
\mathdisplay@stack=\toks20
LaTeX Info: Redefining \[ on input line 2859.
LaTeX Info: Redefining \] on input line 2860.
) ("C:/Program Files/MiKTeX/tex/generic/iftex/ifxetex.sty"
Package: ifxetex 2019/10/25 v0.7 ifxetex legacy package. Use iftex instead.
("C:/Program Files/MiKTeX/tex/generic/iftex/iftex.sty"
Package: iftex 2020/03/06 v1.0d TeX engine tests
)) ("C:/Program Files/MiKTeX/tex/generic/iftex/ifluatex.sty"
Package: ifluatex 2019/10/25 v1.5 ifluatex legacy package. Use iftex instead.
) (C:/Users/shihn/AppData/Roaming/MiKTeX/tex/latex/unicode-math/unicode-math.st
y ("C:/Program Files/MiKTeX/tex/latex/l3kernel/expl3.sty"
Package: expl3 2020-08-07 L3 programming layer (loader) 
("C:/Program Files/MiKTeX/tex/latex/l3backend/l3backend-pdfmode.def"
File: l3backend-pdfmode.def 2020-08-07 L3 backend support: PDF mode
\l__kernel_color_stack_int=\count184
\l__pdf_internal_box=\box47
))
Package: unicode-math 2020/01/31 v0.8q Unicode maths in XeLaTeX and LuaLaTeX

(C:/Users/shihn/AppData/Roaming/MiKTeX/tex/latex/unicode-math/unicode-math-luat
ex.sty
Package: unicode-math-luatex 2020/01/31 v0.8q Unicode maths in XeLaTeX and LuaLa
TeX
("C:/Program Files/MiKTeX/tex/latex/l3packages/xparse/xparse.sty"
Package: xparse 2020-05-15 L3 Experimental document command parser
("C:/Program Files/MiKTeX/tex/latex/l3packages/xparse/xparse-generic.tex"
\l__xparse_current_arg_int=\count185
\g__xparse_grabber_int=\count186
\l__xparse_m_args_int=\count187
\l__xparse_v_nesting_int=\count188
)) ("C:/Program Files/MiKTeX/tex/latex/l3packages/l3keys2e/l3keys2e.sty"
Package: l3keys2e 2020-05-15 LaTeX2e option processing using LaTeX3 keys
) ("C:/Program Files/MiKTeX/tex/latex/fontspec/fontspec.sty"
Package: fontspec 2020/02/21 v2.7i Font selection for XeLaTeX and LuaLaTeX
Lua module: fontspec 2020/02/21 2.7i Font selection for XeLaTeX and LuaLaTeX ("
C:/Program Files/MiKTeX/tex/latex/fontspec/fontspec-luatex.sty"
Package: fontspec-luatex 2020/02/21 v2.7i Font selection for XeLaTeX and LuaLaTe
X
\l__fontspec_script_int=\count189
\l__fontspec_language_int=\count190
\l__fontspec_strnum_int=\count191
\l__fontspec_tmp_int=\count192
\l__fontspec_tmpa_int=\count193
\l__fontspec_tmpb_int=\count194
\l__fontspec_tmpc_int=\count195
\l__fontspec_em_int=\count196
\l__fontspec_emdef_int=\count197
\l__fontspec_strong_int=\count198
\l__fontspec_strongdef_int=\count199
\l__fontspec_tmpa_dim=\dimen144
\l__fontspec_tmpb_dim=\dimen145
\l__fontspec_tmpc_dim=\dimen146
("C:/Program Files/MiKTeX/tex/latex/base/fontenc.sty"
Package: fontenc 2020/02/11 v2.0o Standard LaTeX package
) ("C:/Program Files/MiKTeX/tex/latex/fontspec/fontspec.cfg"))) ("C:/Program Fi
les/MiKTeX/tex/latex/base/fix-cm.sty"
Package: fix-cm 2015/01/14 v1.1t fixes to LaTeX
("C:/Program Files/MiKTeX/tex/latex/base/ts1enc.def"
File: ts1enc.def 2001/06/05 v3.0e (jk/car/fm) Standard LaTeX file
LaTeX Font Info:    Redeclaring font encoding TS1 on input line 47.
))
(C:/Users/shihn/AppData/Roaming/MiKTeX/tex/lualatex/lualatex-math/lualatex-math
.sty
Package: lualatex-math 2020/09/25 v1.9 Patches for mathematics typesetting with 
LuaLaTeX
("C:/Program Files/MiKTeX/tex/latex/etoolbox/etoolbox.sty"
Package: etoolbox 2020/07/15 v2.5i e-TeX tools for LaTeX (JAW)
\etb@tempcnta=\count266
)
Lua module: lualatex-math 2013/08/03 1.3 Patches for mathematics typesetting wit
h LuaLaTeX (C:/Users/shihn/AppData/Roaming/MiKTeX/tex/latex/filehook/filehook.s
ty
Package: filehook 2020/09/29 v0.8a Hooks for input files
(C:/Users/shihn/AppData/Roaming/MiKTeX/tex/latex/filehook/filehook-2019.sty
Package: filehook-2019 2020/09/29 v0.8a Hooks for input files
))

Package lualatex-math Info: I'm going to patch macro \subarray.


Package lualatex-math Info: I'm going to patch macro \frac .


Package lualatex-math Info: I'm going to patch macro \genfrac .

)
\g__um_fam_int=\count267
\g__um_fonts_used_int=\count268
\l__um_primecount_int=\count269
\g__um_primekern_muskip=\muskip17

(C:/Users/shihn/AppData/Roaming/MiKTeX/tex/latex/unicode-math/unicode-math-tabl
e.tex)))
luaotfload | cache : Lookup cache loaded from C:/Users/shihn/AppData/Local/MiKTe
X/luatex-cache/generic-dev/names/luaotfload-lookup-cache.luc.

Package fontspec Info: TimesNewRoman scale = 0.9636299023440277.


Package fontspec Info: TimesNewRoman scale = 0.9636299023440277.


Package fontspec Info: TimesNewRoman scale = 0.9636299023440277.


Package fontspec Info: TimesNewRoman/B scale = 0.9440481727713549.


Package fontspec Info: TimesNewRoman/B scale = 0.9440481727713549.


Package fontspec Info: TimesNewRoman/I scale = 1.001912475428977.


Package fontspec Info: TimesNewRoman/I scale = 1.001912475428977.


Package fontspec Info: TimesNewRoman/BI scale = 0.9818519945425632.


Package fontspec Info: TimesNewRoman/BI scale = 0.9818519945425632.


Package fontspec Info: Font family 'TimesNewRoman(0)' created for font 'Times
(fontspec)             New Roman' with options
(fontspec)             [Scale=MatchLowercase,Ligatures=TeX,Scale=1].
(fontspec)              
(fontspec)              This font family consists of the following NFSS
(fontspec)             series/shapes:
(fontspec)              
(fontspec)             - 'normal' (m/n) with NFSS spec.:
(fontspec)             <->s*[1]"TimesNewRoman:mode=node;script=latn;language=dfl
t;+tlig;"
(fontspec)             - 'small caps'  (m/sc) with NFSS spec.:
(fontspec)             <->s*[1]"TimesNewRoman:mode=node;script=latn;language=dfl
t;+tlig;+smcp;"
(fontspec)             - 'bold' (b/n) with NFSS spec.:
(fontspec)             <->s*[1]"TimesNewRoman/B:mode=node;script=latn;language=d
flt;+tlig;"
(fontspec)             - 'bold small caps'  (b/sc) with NFSS spec.:
(fontspec)             <->s*[1]"TimesNewRoman/B:mode=node;script=latn;language=d
flt;+tlig;+smcp;"
(fontspec)             - 'italic' (m/it) with NFSS spec.:
(fontspec)             <->s*[1]"TimesNewRoman/I:mode=node;script=latn;language=d
flt;+tlig;"
(fontspec)             - 'italic small caps'  (m/scit) with NFSS spec.:
(fontspec)             <->s*[1]"TimesNewRoman/I:mode=node;script=latn;language=d
flt;+tlig;+smcp;"
(fontspec)             - 'bold italic' (b/it) with NFSS spec.:
(fontspec)             <->s*[1]"TimesNewRoman/BI:mode=node;script=latn;language=
dflt;+tlig;"
(fontspec)             - 'bold italic small caps'  (b/scit) with NFSS spec.:
(fontspec)             <->s*[1]"TimesNewRoman/BI:mode=node;script=latn;language=
dflt;+tlig;+smcp;"

LaTeX Font Info:    Font shape `TU/TimesNewRoman(0)/m/n' will be
(Font)              scaled to size 12.0pt on input line 20.

Package fontspec Info: TimesNewRoman scale = 0.9999971570313723.


Package fontspec Info: TimesNewRoman scale = 0.9999971570313723.


Package fontspec Info: TimesNewRoman scale = 0.9999971570313723.


Package fontspec Info: TimesNewRoman/B scale = 0.9796764157853839.


Package fontspec Info: TimesNewRoman/B scale = 0.9796764157853839.


Package fontspec Info: TimesNewRoman/I scale = 1.039724508949025.


Package fontspec Info: TimesNewRoman/I scale = 1.039724508949025.


Package fontspec Info: TimesNewRoman/BI scale = 1.018906948383191.


Package fontspec Info: TimesNewRoman/BI scale = 1.018906948383191.


Package fontspec Info: Font family 'TimesNewRoman(1)' created for font 'Times
(fontspec)             New Roman' with options
(fontspec)             [Scale=MatchLowercase,Renderer=Basic].
(fontspec)              
(fontspec)              This font family consists of the following NFSS
(fontspec)             series/shapes:
(fontspec)              
(fontspec)             - 'normal' (m/n) with NFSS spec.:
(fontspec)             <->s*[0.9999971570313723]"TimesNewRoman:mode=base;script=
latn;language=dflt;"
(fontspec)             - 'small caps'  (m/sc) with NFSS spec.:
(fontspec)             <->s*[0.9999971570313723]"TimesNewRoman:mode=base;script=
latn;language=dflt;+smcp;"
(fontspec)             - 'bold' (b/n) with NFSS spec.:
(fontspec)             <->s*[0.9796764157853839]"TimesNewRoman/B:mode=base;scrip
t=latn;language=dflt;"
(fontspec)             - 'bold small caps'  (b/sc) with NFSS spec.:
(fontspec)             <->s*[0.9796764157853839]"TimesNewRoman/B:mode=base;scrip
t=latn;language=dflt;+smcp;"
(fontspec)             - 'italic' (m/it) with NFSS spec.:
(fontspec)             <->s*[1.039724508949025]"TimesNewRoman/I:mode=base;script
=latn;language=dflt;"
(fontspec)             - 'italic small caps'  (m/scit) with NFSS spec.:
(fontspec)             <->s*[1.039724508949025]"TimesNewRoman/I:mode=base;script
=latn;language=dflt;+smcp;"
(fontspec)             - 'bold italic' (b/it) with NFSS spec.:
(fontspec)             <->s*[1.018906948383191]"TimesNewRoman/BI:mode=base;scrip
t=latn;language=dflt;"
(fontspec)             - 'bold italic small caps'  (b/scit) with NFSS spec.:
(fontspec)             <->s*[1.018906948383191]"TimesNewRoman/BI:mode=base;scrip
t=latn;language=dflt;+smcp;"

LaTeX Font Info:    Overwriting math alphabet `\mathrm' in version `normal'
(Font)                  OT1/lmr/m/n --> TU/TimesNewRoman(1)/m/n on input line 20
.
LaTeX Font Info:    Overwriting math alphabet `\mathit' in version `normal'
(Font)                  OT1/lmr/m/it --> TU/TimesNewRoman(1)/m/it on input line 
20.
LaTeX Font Info:    Overwriting math alphabet `\mathbf' in version `normal'
(Font)                  OT1/lmr/bx/n --> TU/TimesNewRoman(1)/b/n on input line 2
0.
(C:/Users/shihn/AppData/Roaming/MiKTeX/tex/latex/upquote/upquote.sty
Package: upquote 2012/04/19 v1.3 upright-quote and grave-accent glyphs in verbat
im
("C:/Program Files/MiKTeX/tex/latex/base/textcomp.sty"
Package: textcomp 2020/02/02 v2.0n Standard LaTeX package
)) (C:/Users/shihn/AppData/Roaming/MiKTeX/tex/latex/microtype/microtype.sty
Package: microtype 2019/11/18 v2.7d Micro-typographical refinements (RS)
("C:/Program Files/MiKTeX/tex/latex/graphics/keyval.sty"
Package: keyval 2014/10/28 v1.15 key=value parser (DPC)
\KV@toks@=\toks21
)
\MT@toks=\toks22
\MT@count=\count270
LaTeX Info: Redefining \textls on input line 790.
\MT@outer@kern=\dimen147
LaTeX Info: Redefining \textmicrotypecontext on input line 1354.
\MT@listname@count=\count271

(C:/Users/shihn/AppData/Roaming/MiKTeX/tex/latex/microtype/microtype-luatex.def
File: microtype-luatex.def 2019/11/18 v2.7d Definitions specific to luatex (RS)
Module microtype Info: overwriting function `keepligature' on input line 59
LaTeX Info: Redefining \lsstyle on input line 695.
LaTeX Info: Redefining \lslig on input line 695.
\MT@outer@space=\skip52
)
Package microtype Info: Loading configuration file microtype.cfg.
(C:/Users/shihn/AppData/Roaming/MiKTeX/tex/latex/microtype/microtype.cfg
File: microtype.cfg 2019/11/18 v2.7d microtype main configuration file (RS)
)) ("C:/Program Files/MiKTeX/tex/latex/xcolor/xcolor.sty"
Package: xcolor 2016/05/11 v2.12 LaTeX color extensions (UK)
("C:/Program Files/MiKTeX/tex/latex/graphics-cfg/color.cfg"
File: color.cfg 2016/01/02 v1.6 sample color configuration
)
Package xcolor Info: Driver file: luatex.def on input line 225.
("C:/Program Files/MiKTeX/tex/latex/graphics-def/luatex.def"
File: luatex.def 2018/01/08 v1.0l Graphics/color driver for luatex
)
Package xcolor Info: Model `cmy' substituted by `cmy0' on input line 1348.
Package xcolor Info: Model `hsb' substituted by `rgb' on input line 1352.
Package xcolor Info: Model `RGB' extended on input line 1364.
Package xcolor Info: Model `HTML' substituted by `rgb' on input line 1366.
Package xcolor Info: Model `Hsb' substituted by `hsb' on input line 1367.
Package xcolor Info: Model `tHsb' substituted by `hsb' on input line 1368.
Package xcolor Info: Model `HSB' substituted by `hsb' on input line 1369.
Package xcolor Info: Model `Gray' substituted by `gray' on input line 1370.
Package xcolor Info: Model `wave' substituted by `hsb' on input line 1371.
) (C:/Users/shihn/AppData/Roaming/MiKTeX/tex/latex/xurl/xurl.sty
Package: xurl 2020/01/24 v 0.09 modify URL breaks
("C:/Program Files/MiKTeX/tex/latex/url/url.sty"
\Urlmuskip=\muskip18
Package: url 2013/09/16  ver 3.4  Verb mode for urls, etc.
)) (C:/Users/shihn/AppData/Roaming/MiKTeX/tex/latex/bookmark/bookmark.sty
Package: bookmark 2019/12/03 v1.28 PDF bookmarks (HO)
("C:/Program Files/MiKTeX/tex/latex/hyperref/hyperref.sty"
Package: hyperref 2020-05-15 v7.00e Hypertext links for LaTeX
(C:/Users/shihn/AppData/Roaming/MiKTeX/tex/generic/ltxcmds/ltxcmds.sty
Package: ltxcmds 2019/12/15 v1.24 LaTeX kernel commands for general use (HO)
) ("C:/Program Files/MiKTeX/tex/generic/pdftexcmds/pdftexcmds.sty"
Package: pdftexcmds 2020-06-27 v0.33 Utility functions of pdfTeX for LuaTeX (HO)

(C:/Users/shihn/AppData/Roaming/MiKTeX/tex/generic/infwarerr/infwarerr.sty
Package: infwarerr 2019/12/03 v1.5 Providing info/warning/error messages (HO)
)
Package pdftexcmds Info: \pdf@primitive is available.
Package pdftexcmds Info: \pdf@ifprimitive is available.
Package pdftexcmds Info: \pdfdraftmode found.
\pdftexcmds@toks=\toks23
) (C:/Users/shihn/AppData/Roaming/MiKTeX/tex/generic/kvsetkeys/kvsetkeys.sty
Package: kvsetkeys 2019/12/15 v1.18 Key value parser (HO)
)
(C:/Users/shihn/AppData/Roaming/MiKTeX/tex/generic/kvdefinekeys/kvdefinekeys.st
y
Package: kvdefinekeys 2019-12-19 v1.6 Define keys (HO)
) (C:/Users/shihn/AppData/Roaming/MiKTeX/tex/generic/pdfescape/pdfescape.sty
Package: pdfescape 2019/12/09 v1.15 Implements pdfTeX's escape features (HO)
) (C:/Users/shihn/AppData/Roaming/MiKTeX/tex/latex/hycolor/hycolor.sty
Package: hycolor 2020-01-27 v1.10 Color options for hyperref/bookmark (HO)
) (C:/Users/shihn/AppData/Roaming/MiKTeX/tex/latex/letltxmacro/letltxmacro.sty
Package: letltxmacro 2019/12/03 v1.6 Let assignment for LaTeX macros (HO)
) (C:/Users/shihn/AppData/Roaming/MiKTeX/tex/latex/auxhook/auxhook.sty
Package: auxhook 2019-12-17 v1.6 Hooks for auxiliary files (HO)
) (C:/Users/shihn/AppData/Roaming/MiKTeX/tex/latex/kvoptions/kvoptions.sty
Package: kvoptions 2019/11/29 v3.13 Key value format for package options (HO)
)
\@linkdim=\dimen148
\Hy@linkcounter=\count272
\Hy@pagecounter=\count273
("C:/Program Files/MiKTeX/tex/latex/hyperref/pd1enc.def"
File: pd1enc.def 2020-05-15 v7.00e Hyperref: PDFDocEncoding definition (HO)
) (C:/Users/shihn/AppData/Roaming/MiKTeX/tex/generic/intcalc/intcalc.sty
Package: intcalc 2019/12/15 v1.3 Expandable calculations with integers (HO)
) (C:/Users/shihn/AppData/Roaming/MiKTeX/tex/generic/etexcmds/etexcmds.sty
Package: etexcmds 2019/12/15 v1.7 Avoid name clashes with e-TeX commands (HO)
)
\Hy@SavedSpaceFactor=\count274
Package hyperref Info: Option `unicode' set `true' on input line 4338.
("C:/Program Files/MiKTeX/tex/latex/hyperref/puenc.def"
File: puenc.def 2020-05-15 v7.00e Hyperref: PDF Unicode definition (HO)
)
Package hyperref Info: Hyper figures OFF on input line 4464.
Package hyperref Info: Link nesting OFF on input line 4469.
Package hyperref Info: Hyper index ON on input line 4472.
Package hyperref Info: Plain pages OFF on input line 4479.
Package hyperref Info: Backreferencing OFF on input line 4484.
Package hyperref Info: Implicit mode ON; LaTeX internals redefined.
Package hyperref Info: Bookmarks ON on input line 4717.
\c@Hy@tempcnt=\count275
LaTeX Info: Redefining \url on input line 5076.
\XeTeXLinkMargin=\dimen149
(C:/Users/shihn/AppData/Roaming/MiKTeX/tex/generic/bitset/bitset.sty
Package: bitset 2019/12/09 v1.3 Handle bit-vector datatype (HO)
(C:/Users/shihn/AppData/Roaming/MiKTeX/tex/generic/bigintcalc/bigintcalc.sty
Package: bigintcalc 2019/12/15 v1.5 Expandable calculations on big integers (HO)

))
\Fld@menulength=\count276
\Field@Width=\dimen150
\Fld@charsize=\dimen151
Package hyperref Info: Hyper figures OFF on input line 6347.
Package hyperref Info: Link nesting OFF on input line 6352.
Package hyperref Info: Hyper index ON on input line 6355.
Package hyperref Info: backreferencing OFF on input line 6362.
Package hyperref Info: Link coloring OFF on input line 6367.
Package hyperref Info: Link coloring with OCG OFF on input line 6372.
Package hyperref Info: PDF/A mode OFF on input line 6377.
LaTeX Info: Redefining \ref on input line 6417.
LaTeX Info: Redefining \pageref on input line 6421.
(C:/Users/shihn/AppData/Roaming/MiKTeX/tex/generic/atbegshi/atbegshi.sty
Package: atbegshi 2019/12/05 v1.19 At begin shipout hook (HO)
)
\Hy@abspage=\count277
\c@Item=\count278
\c@Hfootnote=\count279
)
Package hyperref Info: Driver (autodetected): hluatex.
("C:/Program Files/MiKTeX/tex/latex/hyperref/hluatex.def"
File: hluatex.def 2020-05-15 v7.00e Hyperref driver for luaTeX
(C:/Users/shihn/AppData/Roaming/MiKTeX/tex/generic/stringenc/stringenc.sty
Package: stringenc 2019/11/29 v1.12 Convert strings between diff. encodings (HO)

) (C:/Users/shihn/AppData/Roaming/MiKTeX/tex/latex/atveryend/atveryend.sty
Package: atveryend 2019-12-11 v1.11 Hooks at the very end of document (HO)
)
\Fld@listcount=\count280
\c@bookmark@seq@number=\count281

(C:/Users/shihn/AppData/Roaming/MiKTeX/tex/latex/rerunfilecheck/rerunfilecheck.
sty
Package: rerunfilecheck 2019/12/05 v1.9 Rerun checks for auxiliary files (HO)

(C:/Users/shihn/AppData/Roaming/MiKTeX/tex/generic/uniquecounter/uniquecounter.
sty
Package: uniquecounter 2019/12/15 v1.4 Provide unlimited unique counter (HO)
)
Package uniquecounter Info: New unique counter `rerunfilecheck' on input line 28
6.
)
\Hy@SectionHShift=\skip53
) (C:/Users/shihn/AppData/Roaming/MiKTeX/tex/latex/bookmark/bkm-pdftex.def
File: bkm-pdftex.def 2019/12/03 v1.28 bookmark driver for pdfTeX (HO)
\BKM@id=\count282
)) (C:/Users/shihn/AppData/Roaming/MiKTeX/tex/latex/geometry/geometry.sty
Package: geometry 2020/01/02 v5.9 Page Geometry
("C:/Program Files/MiKTeX/tex/generic/iftex/ifvtex.sty"
Package: ifvtex 2019/10/25 v1.7 ifvtex legacy package. Use iftex instead.
)
\Gm@cnth=\count283
\Gm@cntv=\count284
\c@Gm@tempcnt=\count285
\Gm@bindingoffset=\dimen152
\Gm@wd@mp=\dimen153
\Gm@odd@mp=\dimen154
\Gm@even@mp=\dimen155
\Gm@layoutwidth=\dimen156
\Gm@layoutheight=\dimen157
\Gm@layouthoffset=\dimen158
\Gm@layoutvoffset=\dimen159
\Gm@dimlist=\toks24
(C:/Users/shihn/AppData/Roaming/MiKTeX/tex/latex/geometry/geometry.cfg)) ("C:/P
rogram Files/MiKTeX/tex/latex/tools/longtable.sty"
Package: longtable 2020/01/07 v4.13 Multi-page Table package (DPC)
\LTleft=\skip54
\LTright=\skip55
\LTpre=\skip56
\LTpost=\skip57
\LTchunksize=\count286
\LTcapwidth=\dimen160
\LT@head=\box48
\LT@firsthead=\box49
\LT@foot=\box50
\LT@lastfoot=\box51
\LT@cols=\count287
\LT@rows=\count288
\c@LT@tables=\count289
\c@LT@chunks=\count290
\LT@p@ftn=\toks25
) (C:/Users/shihn/AppData/Roaming/MiKTeX/tex/latex/booktabs/booktabs.sty
Package: booktabs 2020/01/12 v1.61803398 Publication quality tables
\heavyrulewidth=\dimen161
\lightrulewidth=\dimen162
\cmidrulewidth=\dimen163
\belowrulesep=\dimen164
\belowbottomsep=\dimen165
\aboverulesep=\dimen166
\abovetopsep=\dimen167
\cmidrulesep=\dimen168
\cmidrulekern=\dimen169
\defaultaddspace=\dimen170
\@cmidla=\count291
\@cmidlb=\count292
\@aboverulesep=\dimen171
\@belowrulesep=\dimen172
\@thisruleclass=\count293
\@lastruleclass=\count294
\@thisrulewidth=\dimen173
)
(C:/Users/shihn/AppData/Roaming/MiKTeX/tex/latex/footnotehyper/footnotehyper.st
y
Package: footnotehyper 2019/11/07 v1.1a hyperref aware footnote.sty (JFB)
\FNH@notes=\box52
\FNH@width=\dimen174
) ("C:/Program Files/MiKTeX/tex/latex/graphics/graphicx.sty"
Package: graphicx 2019/11/30 v1.2a Enhanced LaTeX Graphics (DPC,SPQR)
("C:/Program Files/MiKTeX/tex/latex/graphics/graphics.sty"
Package: graphics 2019/11/30 v1.4a Standard LaTeX Graphics (DPC,SPQR)
("C:/Program Files/MiKTeX/tex/latex/graphics/trig.sty"
Package: trig 2016/01/03 v1.10 sin cos tan (DPC)
) ("C:/Program Files/MiKTeX/tex/latex/graphics-cfg/graphics.cfg"
File: graphics.cfg 2016/06/04 v1.11 sample graphics configuration
)
Package graphics Info: Driver file: luatex.def on input line 105.
)
\Gin@req@height=\dimen175
\Gin@req@width=\dimen176
) (C:/Users/shihn/AppData/Roaming/MiKTeX/tex/latex/endfloat/endfloat.sty
Package: endfloat 2019/04/15 v2.7 LaTeX2e package puts figures and tables at end
 (jdm)
\c@postfigure=\count295
\efloat@postfff=\write3
\@ef@fffopen=\count296
\c@posttable=\count297
\efloat@postttt=\write4
\@ef@tttopen=\count298
) (./ST537-Project-4.Rmd.aux)
\openout1 = ST537-Project-4.Rmd.aux

LaTeX Font Info:    Checking defaults for OML/cmm/m/it on input line 69.
LaTeX Font Info:    ... okay on input line 69.
LaTeX Font Info:    Checking defaults for OMS/cmsy/m/n on input line 69.
LaTeX Font Info:    ... okay on input line 69.
LaTeX Font Info:    Checking defaults for OT1/cmr/m/n on input line 69.
LaTeX Font Info:    ... okay on input line 69.
LaTeX Font Info:    Checking defaults for T1/cmr/m/n on input line 69.
LaTeX Font Info:    ... okay on input line 69.
LaTeX Font Info:    Checking defaults for TS1/cmr/m/n on input line 69.
LaTeX Font Info:    ... okay on input line 69.
LaTeX Font Info:    Checking defaults for TU/lmr/m/n on input line 69.
LaTeX Font Info:    ... okay on input line 69.
LaTeX Font Info:    Checking defaults for OMX/cmex/m/n on input line 69.
LaTeX Font Info:    ... okay on input line 69.
LaTeX Font Info:    Checking defaults for U/cmr/m/n on input line 69.
LaTeX Font Info:    ... okay on input line 69.
LaTeX Font Info:    Checking defaults for PD1/pdf/m/n on input line 69.
LaTeX Font Info:    ... okay on input line 69.
LaTeX Font Info:    Checking defaults for PU/pdf/m/n on input line 69.
LaTeX Font Info:    ... okay on input line 69.
LaTeX Font Info:    Overwriting math alphabet `\mathsf' in version `normal'
(Font)                  OT1/lmss/m/n --> TU/lmss/m/n on input line 69.
LaTeX Font Info:    Overwriting math alphabet `\mathsf' in version `bold'
(Font)                  OT1/lmss/bx/n --> TU/lmss/b/n on input line 69.
LaTeX Font Info:    Overwriting math alphabet `\mathtt' in version `normal'
(Font)                  OT1/lmtt/m/n --> TU/lmtt/m/n on input line 69.
LaTeX Font Info:    Overwriting math alphabet `\mathtt' in version `bold'
(Font)                  OT1/lmtt/m/n --> TU/lmtt/b/n on input line 69.

Package fontspec Info: latinmodern-math scale = 1.037736795366909.


Package fontspec Info: latinmodern-math scale = 1.037736795366909.


Package fontspec Info: latinmodern-math scale = 1.037736795366909.


Package fontspec Info: Font family 'latinmodern-math.otf(0)' created for font
(fontspec)             'latinmodern-math.otf' with options
(fontspec)             [Scale=MatchLowercase,Renderer=Basic,BoldItalicFont={},It
alicFont={},SmallCapsFont={},Script=Math,FontAdjustment={\__um_luatex_copy_fontd
imens:
(fontspec)             },BoldFont={latinmodern-math.otf}].
(fontspec)              
(fontspec)              This font family consists of the following NFSS
(fontspec)             series/shapes:
(fontspec)              
(fontspec)             - 'normal' (m/n) with NFSS spec.:
(fontspec)             <->s*[1.037736795366909]"[latinmodern-math.otf]:mode=base
;script=math;language=dflt;"
(fontspec)             - 'small caps'  (m/sc) with NFSS spec.: 
(fontspec)             and font adjustment code:
(fontspec)             \__um_luatex_copy_fontdimens: 
(fontspec)             - 'bold' (b/n) with NFSS spec.:
(fontspec)             <->s*[1.037736795366909]"[latinmodern-math.otf]:mode=base
;script=math;language=dflt;"
(fontspec)             - 'bold small caps'  (b/sc) with NFSS spec.: 
(fontspec)             and font adjustment code:
(fontspec)             \__um_luatex_copy_fontdimens: 

LaTeX Font Info:    Font shape `TU/latinmodern-math.otf(0)/m/n' will be
(Font)              scaled to size 12.45282pt on input line 69.

Package fontspec Info: latinmodern-math scale = 1.037736795366909.


Package fontspec Info: latinmodern-math scale = 1.037736795366909.


Package fontspec Info: latinmodern-math scale = 1.037736795366909.


Package fontspec Info: latinmodern-math scale = 1.037736795366909.


Package fontspec Info: latinmodern-math scale = 1.037736795366909.


Package fontspec Info: Font family 'latinmodern-math.otf(1)' created for font
(fontspec)             'latinmodern-math.otf' with options
(fontspec)             [Scale=MatchLowercase,Renderer=Basic,BoldItalicFont={},It
alicFont={},SmallCapsFont={},Script=Math,SizeFeatures={{Size=10.2-},{Size=7.2-10
.2,Font=latinmodern-math.otf,Style=MathScript},{Size=-7.2,Font=latinmodern-math.
otf,Style=MathScriptScript}},FontAdjustment={\__um_luatex_copy_fontdimens:
(fontspec)             },BoldFont={latinmodern-math.otf}].
(fontspec)              
(fontspec)              This font family consists of the following NFSS
(fontspec)             series/shapes:
(fontspec)              
(fontspec)             - 'normal' (m/n) with NFSS spec.:
(fontspec)             <10.2->s*[1.037736795366909]"[latinmodern-math.otf]:mode=
base;script=math;language=dflt;"<7.2-10.2>s*[1.037736795366909]"[latinmodern-mat
h.otf]:mode=base;script=math;language=dflt;+ssty=0;"<-7.2>s*[1.037736795366909]"
[latinmodern-math.otf]:mode=base;script=math;language=dflt;+ssty=1;"
(fontspec)             - 'small caps'  (m/sc) with NFSS spec.: 
(fontspec)             and font adjustment code:
(fontspec)             \__um_luatex_copy_fontdimens: 
(fontspec)             - 'bold' (b/n) with NFSS spec.:
(fontspec)             <->s*[1.037736795366909]"[latinmodern-math.otf]:mode=base
;script=math;language=dflt;"
(fontspec)             - 'bold small caps'  (b/sc) with NFSS spec.: 
(fontspec)             and font adjustment code:
(fontspec)             \__um_luatex_copy_fontdimens: 

LaTeX Font Info:    Font shape `TU/latinmodern-math.otf(1)/m/n' will be
(Font)              scaled to size 12.45282pt on input line 69.
LaTeX Font Info:    Encoding `OT1' has changed to `TU' for symbol font
(Font)              `operators' in the math version `normal' on input line 69.
LaTeX Font Info:    Overwriting symbol font `operators' in version `normal'
(Font)                  OT1/lmr/m/n --> TU/latinmodern-math.otf(1)/m/n on input 
line 69.
LaTeX Font Info:    Encoding `OT1' has changed to `TU' for symbol font
(Font)              `operators' in the math version `bold' on input line 69.
LaTeX Font Info:    Overwriting symbol font `operators' in version `bold'
(Font)                  OT1/lmr/bx/n --> TU/latinmodern-math.otf(1)/b/n on input
 line 69.

Package fontspec Info: latinmodern-math scale = 1.037736795366909.


Package fontspec Info: latinmodern-math scale = 1.037840569046446.


Package fontspec Info: latinmodern-math scale = 1.037736795366909.


Package fontspec Info: latinmodern-math scale = 1.037840569046446.


Package fontspec Info: latinmodern-math scale = 1.037736795366909.


Package fontspec Info: latinmodern-math scale = 1.037840569046446.


Package fontspec Info: latinmodern-math scale = 1.037736795366909.


Package fontspec Info: latinmodern-math scale = 1.037840569046446.


Package fontspec Info: latinmodern-math scale = 1.037736795366909.


Package fontspec Info: latinmodern-math scale = 1.037840569046446.


Package fontspec Info: Font family 'latinmodern-math.otf(2)' created for font
(fontspec)             'latinmodern-math.otf' with options
(fontspec)             [Scale=MatchLowercase,Renderer=Basic,BoldItalicFont={},It
alicFont={},SmallCapsFont={},Script=Math,SizeFeatures={{Size=10.2-},{Size=7.2-10
.2,Font=latinmodern-math.otf,Style=MathScript},{Size=-7.2,Font=latinmodern-math.
otf,Style=MathScriptScript}},FontAdjustment={\__um_luatex_copy_fontdimens:
(fontspec)             },BoldFont={latinmodern-math.otf},ScaleAgain=1.0001,FontA
djustment={\fontdimen
(fontspec)             8\font =8.43056pt\relax \fontdimen 9\font
(fontspec)             =4.9064pt\relax \fontdimen 10\font =5.52904pt\relax
(fontspec)             \fontdimen 11\font =8.54263pt\relax \fontdimen 12\font
(fontspec)             =4.29622pt\relax \fontdimen 13\font =4.52037pt\relax
(fontspec)             \fontdimen 14\font =4.52037pt\relax \fontdimen 15\font
(fontspec)             =3.59886pt\relax \fontdimen 16\font =3.07584pt\relax
(fontspec)             \fontdimen 17\font =3.07584pt\relax \fontdimen 18\font
(fontspec)             =3.1132pt\relax \fontdimen 19\font =2.49055pt\relax
(fontspec)             \fontdimen 22\font =3.1132pt\relax \fontdimen 20\font
(fontspec)             =0pt\relax \fontdimen 21\font =0pt\relax }].
(fontspec)              
(fontspec)              This font family consists of the following NFSS
(fontspec)             series/shapes:
(fontspec)              
(fontspec)             - 'normal' (m/n) with NFSS spec.:
(fontspec)             <10.2->s*[1.037840569046446]"[latinmodern-math.otf]:mode=
base;script=math;language=dflt;"<7.2-10.2>s*[1.037840569046446]"[latinmodern-mat
h.otf]:mode=base;script=math;language=dflt;+ssty=0;"<-7.2>s*[1.037840569046446]"
[latinmodern-math.otf]:mode=base;script=math;language=dflt;+ssty=1;"
(fontspec)             - 'small caps'  (m/sc) with NFSS spec.: 
(fontspec)             and font adjustment code:
(fontspec)             \__um_luatex_copy_fontdimens: \fontdimen 8\font
(fontspec)             =8.43056pt\relax \fontdimen 9\font =4.9064pt\relax
(fontspec)             \fontdimen 10\font =5.52904pt\relax \fontdimen 11\font
(fontspec)             =8.54263pt\relax \fontdimen 12\font =4.29622pt\relax
(fontspec)             \fontdimen 13\font =4.52037pt\relax \fontdimen 14\font
(fontspec)             =4.52037pt\relax \fontdimen 15\font =3.59886pt\relax
(fontspec)             \fontdimen 16\font =3.07584pt\relax \fontdimen 17\font
(fontspec)             =3.07584pt\relax \fontdimen 18\font =3.1132pt\relax
(fontspec)             \fontdimen 19\font =2.49055pt\relax \fontdimen 22\font
(fontspec)             =3.1132pt\relax \fontdimen 20\font =0pt\relax
(fontspec)             \fontdimen 21\font =0pt\relax 
(fontspec)             - 'bold' (b/n) with NFSS spec.:
(fontspec)             <->s*[1.037840569046446]"[latinmodern-math.otf]:mode=base
;script=math;language=dflt;"
(fontspec)             - 'bold small caps'  (b/sc) with NFSS spec.: 
(fontspec)             and font adjustment code:
(fontspec)             \__um_luatex_copy_fontdimens: \fontdimen 8\font
(fontspec)             =8.43056pt\relax \fontdimen 9\font =4.9064pt\relax
(fontspec)             \fontdimen 10\font =5.52904pt\relax \fontdimen 11\font
(fontspec)             =8.54263pt\relax \fontdimen 12\font =4.29622pt\relax
(fontspec)             \fontdimen 13\font =4.52037pt\relax \fontdimen 14\font
(fontspec)             =4.52037pt\relax \fontdimen 15\font =3.59886pt\relax
(fontspec)             \fontdimen 16\font =3.07584pt\relax \fontdimen 17\font
(fontspec)             =3.07584pt\relax \fontdimen 18\font =3.1132pt\relax
(fontspec)             \fontdimen 19\font =2.49055pt\relax \fontdimen 22\font
(fontspec)             =3.1132pt\relax \fontdimen 20\font =0pt\relax
(fontspec)             \fontdimen 21\font =0pt\relax 

LaTeX Font Info:    Encoding `OMS' has changed to `TU' for symbol font
(Font)              `symbols' in the math version `normal' on input line 69.
LaTeX Font Info:    Overwriting symbol font `symbols' in version `normal'
(Font)                  OMS/lmsy/m/n --> TU/latinmodern-math.otf(2)/m/n on input
 line 69.
LaTeX Font Info:    Encoding `OMS' has changed to `TU' for symbol font
(Font)              `symbols' in the math version `bold' on input line 69.
LaTeX Font Info:    Overwriting symbol font `symbols' in version `bold'
(Font)                  OMS/lmsy/b/n --> TU/latinmodern-math.otf(2)/b/n on input
 line 69.

Package fontspec Info: latinmodern-math scale = 1.037736795366909.


Package fontspec Info: latinmodern-math scale = 1.037633021687372.


Package fontspec Info: latinmodern-math scale = 1.037736795366909.


Package fontspec Info: latinmodern-math scale = 1.037633021687372.


Package fontspec Info: latinmodern-math scale = 1.037736795366909.


Package fontspec Info: latinmodern-math scale = 1.037633021687372.


Package fontspec Info: latinmodern-math scale = 1.037736795366909.


Package fontspec Info: latinmodern-math scale = 1.037633021687372.


Package fontspec Info: latinmodern-math scale = 1.037736795366909.


Package fontspec Info: latinmodern-math scale = 1.037633021687372.


Package fontspec Info: Font family 'latinmodern-math.otf(3)' created for font
(fontspec)             'latinmodern-math.otf' with options
(fontspec)             [Scale=MatchLowercase,Renderer=Basic,BoldItalicFont={},It
alicFont={},SmallCapsFont={},Script=Math,SizeFeatures={{Size=10.2-},{Size=7.2-10
.2,Font=latinmodern-math.otf,Style=MathScript},{Size=-7.2,Font=latinmodern-math.
otf,Style=MathScriptScript}},FontAdjustment={\__um_luatex_copy_fontdimens:
(fontspec)             },BoldFont={latinmodern-math.otf},ScaleAgain=0.9999,FontA
djustment={\fontdimen
(fontspec)             8\font =0.49811pt\relax \fontdimen 9\font
(fontspec)             =2.49055pt\relax \fontdimen 10\font =2.07962pt\relax
(fontspec)             \fontdimen 11\font =1.38225pt\relax \fontdimen 12\font
(fontspec)             =7.47168pt\relax \fontdimen 13\font =0pt\relax }].
(fontspec)              
(fontspec)              This font family consists of the following NFSS
(fontspec)             series/shapes:
(fontspec)              
(fontspec)             - 'normal' (m/n) with NFSS spec.:
(fontspec)             <10.2->s*[1.037633021687372]"[latinmodern-math.otf]:mode=
base;script=math;language=dflt;"<7.2-10.2>s*[1.037633021687372]"[latinmodern-mat
h.otf]:mode=base;script=math;language=dflt;+ssty=0;"<-7.2>s*[1.037633021687372]"
[latinmodern-math.otf]:mode=base;script=math;language=dflt;+ssty=1;"
(fontspec)             - 'small caps'  (m/sc) with NFSS spec.: 
(fontspec)             and font adjustment code:
(fontspec)             \__um_luatex_copy_fontdimens: \fontdimen 8\font
(fontspec)             =0.49811pt\relax \fontdimen 9\font =2.49055pt\relax
(fontspec)             \fontdimen 10\font =2.07962pt\relax \fontdimen 11\font
(fontspec)             =1.38225pt\relax \fontdimen 12\font =7.47168pt\relax
(fontspec)             \fontdimen 13\font =0pt\relax 
(fontspec)             - 'bold' (b/n) with NFSS spec.:
(fontspec)             <->s*[1.037633021687372]"[latinmodern-math.otf]:mode=base
;script=math;language=dflt;"
(fontspec)             - 'bold small caps'  (b/sc) with NFSS spec.: 
(fontspec)             and font adjustment code:
(fontspec)             \__um_luatex_copy_fontdimens: \fontdimen 8\font
(fontspec)             =0.49811pt\relax \fontdimen 9\font =2.49055pt\relax
(fontspec)             \fontdimen 10\font =2.07962pt\relax \fontdimen 11\font
(fontspec)             =1.38225pt\relax \fontdimen 12\font =7.47168pt\relax
(fontspec)             \fontdimen 13\font =0pt\relax 

LaTeX Font Info:    Encoding `OMX' has changed to `TU' for symbol font
(Font)              `largesymbols' in the math version `normal' on input line 69
.
LaTeX Font Info:    Overwriting symbol font `largesymbols' in version `normal'
(Font)                  OMX/lmex/m/n --> TU/latinmodern-math.otf(3)/m/n on input
 line 69.
LaTeX Font Info:    Encoding `OMX' has changed to `TU' for symbol font
(Font)              `largesymbols' in the math version `bold' on input line 69.
LaTeX Font Info:    Overwriting symbol font `largesymbols' in version `bold'
(Font)                  OMX/lmex/m/n --> TU/latinmodern-math.otf(3)/b/n on input
 line 69.
LaTeX Font Info:    Font shape `TU/latinmodern-math.otf(1)/m/n' will be
(Font)              scaled to size 8.71696pt on input line 69.
LaTeX Font Info:    Font shape `TU/latinmodern-math.otf(1)/m/n' will be
(Font)              scaled to size 6.22641pt on input line 69.
LaTeX Font Info:    Trying to load font information for OML+lmm on input line 69
.
("C:/Program Files/MiKTeX/tex/latex/lm/omllmm.fd"
File: omllmm.fd 2009/10/30 v1.6 Font defs for Latin Modern
)
LaTeX Font Info:    Font shape `TU/latinmodern-math.otf(2)/m/n' will be
(Font)              scaled to size 12.4541pt on input line 69.
LaTeX Font Info:    Font shape `TU/latinmodern-math.otf(2)/m/n' will be
(Font)              scaled to size 8.71785pt on input line 69.
LaTeX Font Info:    Font shape `TU/latinmodern-math.otf(2)/m/n' will be
(Font)              scaled to size 6.22705pt on input line 69.
LaTeX Font Info:    Font shape `TU/latinmodern-math.otf(3)/m/n' will be
(Font)              scaled to size 12.45154pt on input line 69.
LaTeX Font Info:    Font shape `TU/latinmodern-math.otf(3)/m/n' will be
(Font)              scaled to size 8.71606pt on input line 69.
LaTeX Font Info:    Font shape `TU/latinmodern-math.otf(3)/m/n' will be
(Font)              scaled to size 6.22577pt on input line 69.
LaTeX Font Info:    Trying to load font information for U+msa on input line 69.
("C:/Program Files/MiKTeX/tex/latex/amsfonts/umsa.fd"
File: umsa.fd 2013/01/14 v3.01 AMS symbols A
)
LaTeX Font Info:    Trying to load font information for U+msb on input line 69.
("C:/Program Files/MiKTeX/tex/latex/amsfonts/umsb.fd"
File: umsb.fd 2013/01/14 v3.01 AMS symbols B
)
LaTeX Info: Redefining \microtypecontext on input line 69.
Package microtype Info: Generating PDF output.
Package microtype Info: Character protrusion enabled (level 2).
Package microtype Info: Using protrusion set `basicmath'.
Package microtype Info: Automatic font expansion enabled (level 2),
(microtype)             stretch: 20, shrink: 20, step: 1, non-selected.
Package microtype Info: Using default expansion set `basictext'.
LaTeX Info: Redefining \showhyphens on input line 69.
Package microtype Info: No adjustment of tracking.
Package microtype Info: No adjustment of spacing.
Package microtype Info: No adjustment of kerning.
Package microtype Info: Loading generic protrusion settings for font family
(microtype)             `TimesNewRoman' (encoding: TU).
(microtype)             For optimal results, create family-specific settings.
(microtype)             See the microtype manual for details.
("C:/Program Files/MiKTeX/tex/context/base/mkii/supp-pdf.mkii"
[Loading MPS to PDF converter (version 2006.09.02).]
\scratchcounter=\count299
\scratchdimen=\dimen177
\scratchbox=\box53
\nofMPsegments=\count300
\nofMParguments=\count301
\everyMPshowfont=\toks26
\MPscratchCnt=\count302
\MPscratchDim=\dimen178
\MPnumerator=\count303
\makeMPintoPDFobject=\count304
\everyMPtoPDFconversion=\toks27
) ("C:/Program Files/MiKTeX/tex/latex/epstopdf-pkg/epstopdf-base.sty"
Package: epstopdf-base 2020-01-24 v2.11 Base part for package epstopdf
Package epstopdf-base Info: Redefining graphics rule for `.eps' on input line 48
5.
)
\AtBeginShipoutBox=\box54
Package hyperref Info: Link coloring OFF on input line 69.
("C:/Program Files/MiKTeX/tex/latex/hyperref/nameref.sty"
Package: nameref 2019/09/16 v2.46 Cross-referencing by name of section
(C:/Users/shihn/AppData/Roaming/MiKTeX/tex/latex/refcount/refcount.sty
Package: refcount 2019/12/15 v3.6 Data extraction from label references (HO)
)
(C:/Users/shihn/AppData/Roaming/MiKTeX/tex/generic/gettitlestring/gettitlestrin
g.sty
Package: gettitlestring 2019/12/15 v1.6 Cleanup title references (HO)
)
\c@section@level=\count305
)
LaTeX Info: Redefining \ref on input line 69.
LaTeX Info: Redefining \pageref on input line 69.
LaTeX Info: Redefining \nameref on input line 69.
*geometry* driver: auto-detecting
*geometry* detected driver: luatex
*geometry* verbose mode - [ preamble ] result:
* driver: luatex
* paper: <default>
* layout: <same size as paper>
* layoutoffset:(h,v)=(0.0pt,0.0pt)
* modes: 
* h-part:(L,W,R)=(72.26999pt, 469.75502pt, 72.26999pt)
* v-part:(T,H,B)=(72.26999pt, 650.43001pt, 72.26999pt)
* \paperwidth=614.295pt
* \paperheight=794.96999pt
* \textwidth=469.75502pt
* \textheight=650.43001pt
* \oddsidemargin=0.0pt
* \evensidemargin=0.0pt
* \topmargin=-37.0pt
* \headheight=12.0pt
* \headsep=25.0pt
* \topskip=12.0pt
* \footskip=30.0pt
* \marginparwidth=44.0pt
* \marginparsep=10.0pt
* \columnsep=10.0pt
* \skip\footins=10.8pt plus 4.0pt minus 2.0pt
* \hoffset=0.0pt
* \voffset=0.0pt
* \mag=1000
* \@twocolumnfalse
* \@twosidefalse
* \@mparswitchfalse
* \@reversemarginfalse
* (1in=72.27pt=25.4mm, 1cm=28.453pt)

LaTeX Font Info:    Font shape `TU/TimesNewRoman(0)/m/n' will be
(Font)              scaled to size 20.74pt on input line 71.
LaTeX Font Info:    Font shape `TU/TimesNewRoman(0)/b/n' will be
(Font)              scaled to size 20.74pt on input line 71.
LaTeX Font Info:    Font shape `TU/TimesNewRoman(0)/m/n' will be
(Font)              scaled to size 14.4pt on input line 71.
LaTeX Font Info:    Font shape `TU/latinmodern-math.otf(1)/m/n' will be
(Font)              scaled to size 14.94337pt on input line 71.
LaTeX Font Info:    Font shape `TU/latinmodern-math.otf(1)/m/n' will be
(Font)              scaled to size 10.37735pt on input line 71.
LaTeX Font Info:    Font shape `TU/latinmodern-math.otf(1)/m/n' will be
(Font)              scaled to size 7.26414pt on input line 71.
LaTeX Font Info:    Font shape `TU/latinmodern-math.otf(2)/m/n' will be
(Font)              scaled to size 14.9449pt on input line 71.
LaTeX Font Info:    Font shape `TU/latinmodern-math.otf(2)/m/n' will be
(Font)              scaled to size 10.37842pt on input line 71.
LaTeX Font Info:    Font shape `TU/latinmodern-math.otf(2)/m/n' will be
(Font)              scaled to size 7.2649pt on input line 71.
LaTeX Font Info:    Font shape `TU/latinmodern-math.otf(3)/m/n' will be
(Font)              scaled to size 14.94183pt on input line 71.
LaTeX Font Info:    Font shape `TU/latinmodern-math.otf(3)/m/n' will be
(Font)              scaled to size 10.37628pt on input line 71.
LaTeX Font Info:    Font shape `TU/latinmodern-math.otf(3)/m/n' will be
(Font)              scaled to size 7.2634pt on input line 71.
(C:/Users/shihn/AppData/Roaming/MiKTeX/tex/latex/microtype/mt-msa.cfg
File: mt-msa.cfg 2006/02/04 v1.1 microtype config. file: AMS symbols (a) (RS)
) (C:/Users/shihn/AppData/Roaming/MiKTeX/tex/latex/microtype/mt-msb.cfg
File: mt-msb.cfg 2005/06/01 v1.0 microtype config. file: AMS symbols (b) (RS)
)
LaTeX Font Info:    Font shape `TU/TimesNewRoman(0)/m/n' will be
(Font)              scaled to size 17.28pt on input line 74.
LaTeX Font Info:    Font shape `TU/TimesNewRoman(0)/b/n' will be
(Font)              scaled to size 17.28pt on input line 74.
(./ST537-Project-4.Rmd.toc
LaTeX Font Info:    Font shape `TU/TimesNewRoman(0)/b/n' will be
(Font)              scaled to size 12.0pt on input line 1.
)
\tf@toc=\write5

\openout5 = ST537-Project-4.Rmd.toc
LaTeX Font Info:    Font shape `TU/TimesNewRoman(0)/b/n' will be
(Font)              scaled to size 14.4pt on input line 80.
[1

{C:/Users/shihn/AppData/Local/MiKTeX/pdftex/config/pdftex.map}] [2] [3]
\openout3 = ST537-Project-4.Rmd.fff
 (ST537-
Project-4.Rmd.fff)
\openout4 = ST537-Project-4.Rmd.ttt
 (ST537-Project-4.Rmd.ttt) [4] [5] [6] [7] [8]
LaTeX Font Info:    Font shape `TU/TimesNewRoman(0)/m/n' will be
(Font)              scaled to size 14.39996pt on input line 632.
[9]
LaTeX Font Info:    Font shape `TU/TimesNewRoman(0)/m/n' will be
(Font)              scaled to size 8.4pt on input line 733.
LaTeX Font Info:    Font shape `TU/TimesNewRoman(0)/m/n' will be
(Font)              scaled to size 6.0pt on input line 733.
LaTeX Font Info:    Font shape `TU/TimesNewRoman(1)/b/n' will be
(Font)              scaled to size 11.7561pt on input line 754.
LaTeX Font Info:    Font shape `TU/TimesNewRoman(1)/b/n' will be
(Font)              scaled to size 8.22926pt on input line 754.
LaTeX Font Info:    Font shape `TU/TimesNewRoman(1)/b/n' will be
(Font)              scaled to size 5.87805pt on input line 754.
[10] [11]
Missing character: There is no  (U+1D6FD) in font TimesNewRoman/B:mode=base;
script=latn;language=dflt;!
Missing character: There is no  (U+1D6FD) in font TimesNewRoman/B:mode=base;
script=latn;language=dflt;!
Missing character: There is no  (U+1D6FD) in font TimesNewRoman/B:mode=base;
script=latn;language=dflt;!
Missing character: There is no  (U+1D6FD) in font TimesNewRoman/B:mode=base;
script=latn;language=dflt;!
[12] [13]
Missing character: There is no  (U+1D6FD) in font TimesNewRoman/B:mode=base;
script=latn;language=dflt;!
Missing character: There is no  (U+1D6FD) in font TimesNewRoman/B:mode=base;
script=latn;language=dflt;!
Missing character: There is no  (U+1D6FD) in font TimesNewRoman/B:mode=base;
script=latn;language=dflt;!
Missing character: There is no  (U+1D6FD) in font TimesNewRoman/B:mode=base;
script=latn;language=dflt;!
Missing character: There is no  (U+1D6FD) in font TimesNewRoman/B:mode=base;
script=latn;language=dflt;!
Missing character: There is no  (U+1D6FD) in font TimesNewRoman/B:mode=base;
script=latn;language=dflt;!
[14]
LaTeX Font Info:    Font shape `TU/TimesNewRoman(0)/m/it' will be
(Font)              scaled to size 12.0pt on input line 1044.

Underfull \hbox (badness 2726) in paragraph at lines 1044--1046
[]\TU/TimesNewRoman(0)/m/n/12 Luo K, Liao HX, Zhang R, et al. Tis-sue mem-ory B cell reper-toire anal-y-sis af-
 []


Underfull \hbox (badness 1430) in paragraph at lines 1044--1046
\TU/TimesNewRoman(0)/m/n/12 ter AL-VAC/AIDSVAX B/E gp120 im-mu-niza-tion of rhe-
sus macaques. \TU/TimesNewRoman(0)/m/it/12 JCI In-sight\TU/TimesNewRoman(0)/m/n
/12 .
 []


Underfull \hbox (badness 10000) in paragraph at lines 1050--1052

 []


Underfull \hbox (badness 10000) in paragraph at lines 1052--1054

 []


Underfull \hbox (badness 10000) in paragraph at lines 1054--1056

 []

AED endfloat: Processing end Figures and Tables [15] (./ST537-Project-4.Rmd.lof
)
\tf@lof=\write6

\openout6 = ST537-Project-4.Rmd.lof
[16


] (./ST537-Project-4.Rmd.fff
<ST537-Project-4.Rmd_files/figure-latex/hist-antibodies-1.pdf, id=211, 469.755pt
 x 289.08pt>
File: ST537-Project-4.Rmd_files/figure-latex/hist-antibodies-1.pdf Graphic file 
(type pdf)
<use ST537-Project-4.Rmd_files/figure-latex/hist-antibodies-1.pdf>
Package luatex.def Info: ST537-Project-4.Rmd_files/figure-latex/hist-antibodies-
1.pdf  used on input line 3.
(luatex.def)             Requested size: 469.75386pt x 289.07928pt.
[17

<./ST537-Project-4.Rmd_files/figure-latex/hist-antibodies-1.pdf>]
<ST537-Project-4.Rmd_files/figure-latex/isotype-plot-1.pdf, id=220, 469.755pt x 
289.08pt>
File: ST537-Project-4.Rmd_files/figure-latex/isotype-plot-1.pdf Graphic file (ty
pe pdf)
<use ST537-Project-4.Rmd_files/figure-latex/isotype-plot-1.pdf>
Package luatex.def Info: ST537-Project-4.Rmd_files/figure-latex/isotype-plot-1.p
df  used on input line 10.
(luatex.def)             Requested size: 469.75386pt x 289.07928pt.
[18

<./ST537-Project-4.Rmd_files/figure-latex/isotype-plot-1.pdf>]
<ST537-Project-4.Rmd_files/figure-latex/outlier-review-1.pdf, id=229, 469.755pt 
x 289.08pt>
File: ST537-Project-4.Rmd_files/figure-latex/outlier-review-1.pdf Graphic file (
type pdf)
<use ST537-Project-4.Rmd_files/figure-latex/outlier-review-1.pdf>
Package luatex.def Info: ST537-Project-4.Rmd_files/figure-latex/outlier-review-1
.pdf  used on input line 17.
(luatex.def)             Requested size: 469.75386pt x 289.07928pt.
[19

<./ST537-Project-4.Rmd_files/figure-latex/outlier-review-1.pdf>]
<ST537-Project-4.Rmd_files/figure-latex/outlier-d2-1.pdf, id=238, 469.755pt x 28
9.08pt>
File: ST537-Project-4.Rmd_files/figure-latex/outlier-d2-1.pdf Graphic file (type
 pdf)
<use ST537-Project-4.Rmd_files/figure-latex/outlier-d2-1.pdf>
Package luatex.def Info: ST537-Project-4.Rmd_files/figure-latex/outlier-d2-1.pdf
  used on input line 24.
(luatex.def)             Requested size: 469.75386pt x 289.07928pt.
[20

<./ST537-Project-4.Rmd_files/figure-latex/outlier-d2-1.pdf>]
<ST537-Project-4.Rmd_files/figure-latex/hist-HCDR3-trt-1.pdf, id=247, 469.755pt 
x 289.08pt>
File: ST537-Project-4.Rmd_files/figure-latex/hist-HCDR3-trt-1.pdf Graphic file (
type pdf)
<use ST537-Project-4.Rmd_files/figure-latex/hist-HCDR3-trt-1.pdf>
Package luatex.def Info: ST537-Project-4.Rmd_files/figure-latex/hist-HCDR3-trt-1
.pdf  used on input line 31.
(luatex.def)             Requested size: 469.75386pt x 289.07928pt.
[21

<./ST537-Project-4.Rmd_files/figure-latex/hist-HCDR3-trt-1.pdf>]
<ST537-Project-4.Rmd_files/figure-latex/hist-HCDR3-1.pdf, id=257, 469.755pt x 28
9.08pt>
File: ST537-Project-4.Rmd_files/figure-latex/hist-HCDR3-1.pdf Graphic file (type
 pdf)
<use ST537-Project-4.Rmd_files/figure-latex/hist-HCDR3-1.pdf>
Package luatex.def Info: ST537-Project-4.Rmd_files/figure-latex/hist-HCDR3-1.pdf
  used on input line 38.
(luatex.def)             Requested size: 469.75386pt x 289.07928pt.
[22

<./ST537-Project-4.Rmd_files/figure-latex/hist-HCDR3-1.pdf>]
<ST537-Project-4.Rmd_files/figure-latex/hist-LCDR3-1.pdf, id=266, 469.755pt x 28
9.08pt>
File: ST537-Project-4.Rmd_files/figure-latex/hist-LCDR3-1.pdf Graphic file (type
 pdf)
<use ST537-Project-4.Rmd_files/figure-latex/hist-LCDR3-1.pdf>
Package luatex.def Info: ST537-Project-4.Rmd_files/figure-latex/hist-LCDR3-1.pdf
  used on input line 45.
(luatex.def)             Requested size: 469.75386pt x 289.07928pt.
[23

<./ST537-Project-4.Rmd_files/figure-latex/hist-LCDR3-1.pdf>]
<ST537-Project-4.Rmd_files/figure-latex/hist-LCDR3-trt-1.pdf, id=275, 469.755pt 
x 289.08pt>
File: ST537-Project-4.Rmd_files/figure-latex/hist-LCDR3-trt-1.pdf Graphic file (
type pdf)
<use ST537-Project-4.Rmd_files/figure-latex/hist-LCDR3-trt-1.pdf>
Package luatex.def Info: ST537-Project-4.Rmd_files/figure-latex/hist-LCDR3-trt-1
.pdf  used on input line 52.
(luatex.def)             Requested size: 469.75386pt x 289.07928pt.
[24

<./ST537-Project-4.Rmd_files/figure-latex/hist-LCDR3-trt-1.pdf>]
<ST537-Project-4.Rmd_files/figure-latex/QQ-1.pdf, id=284, 469.755pt x 289.08pt>
File: ST537-Project-4.Rmd_files/figure-latex/QQ-1.pdf Graphic file (type pdf)
<use ST537-Project-4.Rmd_files/figure-latex/QQ-1.pdf>
Package luatex.def Info: ST537-Project-4.Rmd_files/figure-latex/QQ-1.pdf  used o
n input line 59.
(luatex.def)             Requested size: 469.75386pt x 289.07928pt.
[25

<./ST537-Project-4.Rmd_files/figure-latex/QQ-1.pdf>]
<ST537-Project-4.Rmd_files/figure-latex/murate1-1.pdf, id=294, 469.755pt x 289.0
8pt>
File: ST537-Project-4.Rmd_files/figure-latex/murate1-1.pdf Graphic file (type pd
f)
<use ST537-Project-4.Rmd_files/figure-latex/murate1-1.pdf>
Package luatex.def Info: ST537-Project-4.Rmd_files/figure-latex/murate1-1.pdf  u
sed on input line 66.
(luatex.def)             Requested size: 469.75386pt x 289.07928pt.
[26

<./ST537-Project-4.Rmd_files/figure-latex/murate1-1.pdf>]
<ST537-Project-4.Rmd_files/figure-latex/murate2-1.pdf, id=303, 469.755pt x 289.0
8pt>
File: ST537-Project-4.Rmd_files/figure-latex/murate2-1.pdf Graphic file (type pd
f)
<use ST537-Project-4.Rmd_files/figure-latex/murate2-1.pdf>
Package luatex.def Info: ST537-Project-4.Rmd_files/figure-latex/murate2-1.pdf  u
sed on input line 73.
(luatex.def)             Requested size: 469.75386pt x 289.07928pt.
[27

<./ST537-Project-4.Rmd_files/figure-latex/murate2-1.pdf>]
<ST537-Project-4.Rmd_files/figure-latex/murate3-1.pdf, id=312, 469.755pt x 289.0
8pt>
File: ST537-Project-4.Rmd_files/figure-latex/murate3-1.pdf Graphic file (type pd
f)
<use ST537-Project-4.Rmd_files/figure-latex/murate3-1.pdf>
Package luatex.def Info: ST537-Project-4.Rmd_files/figure-latex/murate3-1.pdf  u
sed on input line 80.
(luatex.def)             Requested size: 469.75386pt x 289.07928pt.
[28

<./ST537-Project-4.Rmd_files/figure-latex/murate3-1.pdf>]
<ST537-Project-4.Rmd_files/figure-latex/murate4-1.pdf, id=321, 469.755pt x 289.0
8pt>
File: ST537-Project-4.Rmd_files/figure-latex/murate4-1.pdf Graphic file (type pd
f)
<use ST537-Project-4.Rmd_files/figure-latex/murate4-1.pdf>
Package luatex.def Info: ST537-Project-4.Rmd_files/figure-latex/murate4-1.pdf  u
sed on input line 87.
(luatex.def)             Requested size: 469.75386pt x 289.07928pt.
[29

<./ST537-Project-4.Rmd_files/figure-latex/murate4-1.pdf>]
<ST537-Project-4.Rmd_files/figure-latex/QQ2-1.pdf, id=330, 469.755pt x 289.08pt>

File: ST537-Project-4.Rmd_files/figure-latex/QQ2-1.pdf Graphic file (type pdf)
<use ST537-Project-4.Rmd_files/figure-latex/QQ2-1.pdf>
Package luatex.def Info: ST537-Project-4.Rmd_files/figure-latex/QQ2-1.pdf  used 
on input line 94.
(luatex.def)             Requested size: 469.75386pt x 289.07928pt.
[30

<./ST537-Project-4.Rmd_files/figure-latex/QQ2-1.pdf>]
<ST537-Project-4.Rmd_files/figure-latex/hist-binding-1.pdf, id=340, 469.755pt x 
289.08pt>
File: ST537-Project-4.Rmd_files/figure-latex/hist-binding-1.pdf Graphic file (ty
pe pdf)
<use ST537-Project-4.Rmd_files/figure-latex/hist-binding-1.pdf>
Package luatex.def Info: ST537-Project-4.Rmd_files/figure-latex/hist-binding-1.p
df  used on input line 101.
(luatex.def)             Requested size: 469.75386pt x 289.07928pt.
[31

<./ST537-Project-4.Rmd_files/figure-latex/hist-binding-1.pdf>]
<ST537-Project-4.Rmd_files/figure-latex/QQ3-1.pdf, id=350, 469.755pt x 289.08pt>

File: ST537-Project-4.Rmd_files/figure-latex/QQ3-1.pdf Graphic file (type pdf)
<use ST537-Project-4.Rmd_files/figure-latex/QQ3-1.pdf>
Package luatex.def Info: ST537-Project-4.Rmd_files/figure-latex/QQ3-1.pdf  used 
on input line 108.
(luatex.def)             Requested size: 469.75386pt x 289.07928pt.
[32

<./ST537-Project-4.Rmd_files/figure-latex/QQ3-1.pdf>]
<ST537-Project-4.Rmd_files/figure-latex/QQbinding-1.pdf, id=360, 469.755pt x 289
.08pt>
File: ST537-Project-4.Rmd_files/figure-latex/QQbinding-1.pdf Graphic file (type 
pdf)
<use ST537-Project-4.Rmd_files/figure-latex/QQbinding-1.pdf>
Package luatex.def Info: ST537-Project-4.Rmd_files/figure-latex/QQbinding-1.pdf 
 used on input line 115.
(luatex.def)             Requested size: 469.75386pt x 289.07928pt.
[33

<./ST537-Project-4.Rmd_files/figure-latex/QQbinding-1.pdf>]
<ST537-Project-4.Rmd_files/figure-latex/mean-monkey-1.pdf, id=370, 469.755pt x 2
89.08pt>
File: ST537-Project-4.Rmd_files/figure-latex/mean-monkey-1.pdf Graphic file (typ
e pdf)
<use ST537-Project-4.Rmd_files/figure-latex/mean-monkey-1.pdf>
Package luatex.def Info: ST537-Project-4.Rmd_files/figure-latex/mean-monkey-1.pd
f  used on input line 122.
(luatex.def)             Requested size: 469.75386pt x 289.07928pt.
[34

<./ST537-Project-4.Rmd_files/figure-latex/mean-monkey-1.pdf>]
<ST537-Project-4.Rmd_files/figure-latex/variance-monkey-1.pdf, id=379, 469.755pt
 x 289.08pt>
File: ST537-Project-4.Rmd_files/figure-latex/variance-monkey-1.pdf Graphic file 
(type pdf)
<use ST537-Project-4.Rmd_files/figure-latex/variance-monkey-1.pdf>
Package luatex.def Info: ST537-Project-4.Rmd_files/figure-latex/variance-monkey-
1.pdf  used on input line 129.
(luatex.def)             Requested size: 469.75386pt x 289.07928pt.
[35

<./ST537-Project-4.Rmd_files/figure-latex/variance-monkey-1.pdf>]
<ST537-Project-4.Rmd_files/figure-latex/piecewise1-1.pdf, id=388, 469.755pt x 28
9.08pt>
File: ST537-Project-4.Rmd_files/figure-latex/piecewise1-1.pdf Graphic file (type
 pdf)
<use ST537-Project-4.Rmd_files/figure-latex/piecewise1-1.pdf>
Package luatex.def Info: ST537-Project-4.Rmd_files/figure-latex/piecewise1-1.pdf
  used on input line 136.
(luatex.def)             Requested size: 469.75386pt x 289.07928pt.
[36

<./ST537-Project-4.Rmd_files/figure-latex/piecewise1-1.pdf>]
<ST537-Project-4.Rmd_files/figure-latex/piecewise2-1.pdf, id=397, 469.755pt x 28
9.08pt>
File: ST537-Project-4.Rmd_files/figure-latex/piecewise2-1.pdf Graphic file (type
 pdf)
<use ST537-Project-4.Rmd_files/figure-latex/piecewise2-1.pdf>
Package luatex.def Info: ST537-Project-4.Rmd_files/figure-latex/piecewise2-1.pdf
  used on input line 143.
(luatex.def)             Requested size: 469.75386pt x 289.07928pt.
[37

<./ST537-Project-4.Rmd_files/figure-latex/piecewise2-1.pdf>]
<ST537-Project-4.Rmd_files/figure-latex/QQmodel-1.pdf, id=406, 469.755pt x 289.0
8pt>
File: ST537-Project-4.Rmd_files/figure-latex/QQmodel-1.pdf Graphic file (type pd
f)
<use ST537-Project-4.Rmd_files/figure-latex/QQmodel-1.pdf>
Package luatex.def Info: ST537-Project-4.Rmd_files/figure-latex/QQmodel-1.pdf  u
sed on input line 150.
(luatex.def)             Requested size: 469.75386pt x 289.07928pt.
) [38

<./ST537-Project-4.Rmd_files/figure-latex/QQmodel-1.pdf>] (./ST537-Project-4.Rm
d.lot)
\tf@lot=\write7

\openout7 = ST537-Project-4.Rmd.lot
[39


] (./ST537-Project-4.Rmd.ttt [40]

LaTeX Warning: Float too large for page by 291.30072pt on input line 148.

[41] [42] [43] [44] [45] [46] [47]) [48]
Package atveryend Info: Empty hook `BeforeClearDocument' on input line 1059.
Package atveryend Info: Empty hook `AfterLastShipout' on input line 1059.
(./ST537-Project-4.Rmd.aux)
Package atveryend Info: Executing hook `AtVeryEndDocument' on input line 1059.
Package atveryend Info: Empty hook `AtEndAfterFileList' on input line 1059.
)

Here is how much of LuaTeX's memory you used:
 20562 strings out of 481302
 125171,953878 words of node,token memory allocated
 715 words of node memory still in use:
   6 hlist, 2 vlist, 2 rule, 1 mark, 2 glue, 4 kern, 1 glyph, 48 attribute, 58 g
lue_spec, 48 attribute_list, 11 write nodes
   avail lists: 2:1156,3:638,4:78,5:141,6:46,7:4205,8:124,9:634,10:33,11:350
 36901 multiletter control sequences out of 65536+200000
 102 fonts using 46025355 bytes
 59i,9n,121p,942b,467s stack positions out of 5000i,500n,10000p,200000b,50000s
<C:/WINDOWS/Fonts/timesi.ttf><C:/WINDOWS/Fonts/timesbd.ttf><//?/c:/program files
/miktex/fonts/opentype/public/lm/lmmono12-regular.otf><C:/Users/shihn/AppData/Ro
aming/MiKTeX/fonts/opentype/public/lm-math/latinmodern-math.otf><C:/Users/shihn/
AppData/Roaming/MiKTeX/fonts/opentype/public/lm-math/latinmodern-math.otf><C:/WI
NDOWS/Fonts/times.ttf><C:/WINDOWS/Fonts/timesbd.ttf>
Output written on ST537-Project-4.Rmd.pdf (48 pages, 2530724 bytes).

PDF statistics: 563 PDF objects out of 1000 (max. 8388607)
 120 named destinations out of 1000 (max. 131072)
 113 words of extra memory for PDF output out of 10000 (max. 100000000)


! lualatex: major issue: User/administrator updates are out-of-sync.
